<?xml version="1.0" encoding="UTF-8"?>
<testng-results ignored="0" total="2" passed="2" failed="0" skipped="0">
  <reporter-output>
  </reporter-output>
  <suite started-at="2026-03-03T15:13:31 IST" name="EcommerceSuite" finished-at="2026-03-03T15:13:50 IST" duration-ms="18740">
    <groups>
    </groups>
    <test started-at="2026-03-03T15:13:31 IST" name="ChromeTest" finished-at="2026-03-03T15:13:39 IST" duration-ms="7774">
      <class name="tests.OrderFlowTest">
        <test-method is-config="true" signature="setUp(java.lang.String)[pri:0, instance:tests.OrderFlowTest@75d3a5e0]" started-at="2026-03-03T15:13:32 IST" name="setUp" finished-at="2026-03-03T15:13:36 IST" duration-ms="4344" status="PASS">
          <params>
            <param index="0">
              <value>
                <![CDATA[chrome]]>
              </value>
            </param>
          </params>
          <reporter-output>
          </reporter-output>
        </test-method> <!-- setUp -->
        <test-method signature="completeOrderFlow()[pri:0, instance:tests.OrderFlowTest@75d3a5e0]" started-at="2026-03-03T15:13:36 IST" name="completeOrderFlow" finished-at="2026-03-03T15:13:39 IST" duration-ms="3033" status="PASS">
          <reporter-output>
          </reporter-output>
        </test-method> <!-- completeOrderFlow -->
        <test-method is-config="true" signature="tearDown()[pri:0, instance:tests.OrderFlowTest@75d3a5e0]" started-at="2026-03-03T15:13:39 IST" name="tearDown" finished-at="2026-03-03T15:13:39 IST" duration-ms="327" status="PASS">
          <reporter-output>
          </reporter-output>
        </test-method> <!-- tearDown -->
      </class> <!-- tests.OrderFlowTest -->
    </test> <!-- ChromeTest -->
    <test started-at="2026-03-03T15:13:31 IST" name="FirefoxTest" finished-at="2026-03-03T15:13:50 IST" duration-ms="18740">
      <class name="tests.OrderFlowTest">
        <test-method is-config="true" signature="setUp(java.lang.String)[pri:0, instance:tests.OrderFlowTest@4d0d9fe7]" started-at="2026-03-03T15:13:32 IST" name="setUp" finished-at="2026-03-03T15:13:43 IST" duration-ms="11530" status="PASS">
          <params>
            <param index="0">
              <value>
                <![CDATA[firefox]]>
              </value>
            </param>
          </params>
          <reporter-output>
          </reporter-output>
        </test-method> <!-- setUp -->
        <test-method signature="completeOrderFlow()[pri:0, instance:tests.OrderFlowTest@4d0d9fe7]" started-at="2026-03-03T15:13:43 IST" name="completeOrderFlow" finished-at="2026-03-03T15:13:48 IST" duration-ms="4642" status="PASS">
          <reporter-output>
          </reporter-output>
        </test-method> <!-- completeOrderFlow -->
        <test-method is-config="true" signature="tearDown()[pri:0, instance:tests.OrderFlowTest@4d0d9fe7]" started-at="2026-03-03T15:13:48 IST" name="tearDown" finished-at="2026-03-03T15:13:50 IST" duration-ms="2504" status="PASS">
          <reporter-output>
          </reporter-output>
        </test-method> <!-- tearDown -->
      </class> <!-- tests.OrderFlowTest -->
    </test> <!-- FirefoxTest -->
  </suite> <!-- EcommerceSuite -->
</testng-results>
